Using pre-set license
Built from '2020.3/staging' branch; Version is '2020.3.6f1 (338bb68529b2) revision 3378102'; Using compiler version '192528614'; Build Type 'Release'
OS: 'Windows 10 Pro; OS build 19041.928; Version 2004; 64bit' Language: 'ko' Physical Memory: 8039 MB
BatchMode: 1, IsHumanControllingUs: 0, StartBugReporterOnCrash: 0, Is64bit: 1, IsPro: 0

 COMMAND LINE ARGUMENTS:
D:\Program Files\2020.3.6f1\Editor\Unity.exe
-adb2
-batchMode
-noUpm
-name
AssetImportWorker0
-projectPath
C:/Users/Created/Documents/GitHub/ArProject/ARTeamProj/TutorialAr2
-logFile
Logs/AssetImportWorker0.log
-srvPort
59665
Successfully changed project path to: C:/Users/Created/Documents/GitHub/ArProject/ARTeamProj/TutorialAr2
C:/Users/Created/Documents/GitHub/ArProject/ARTeamProj/TutorialAr2
Using Asset Import Pipeline V2.
Refreshing native plugins compatible for Editor in 57.41 ms, found 0 plugins.
Preloading 0 native plugins for Editor in 0.00 ms.
Initialize engine version: 2020.3.6f1 (338bb68529b2)
[Subsystems] Discovering subsystems at path D:/Program Files/2020.3.6f1/Editor/Data/Resources/UnitySubsystems
[Subsystems] Discovering subsystems at path C:/Users/Created/Documents/GitHub/ArProject/ARTeamProj/TutorialAr2/Assets
GfxDevice: creating device client; threaded=0
Direct3D:
    Version:  Direct3D 11.0 [level 11.1]
    Renderer: NVIDIA GeForce GTX 1060 (ID=0x1c20)
    Vendor:   
    VRAM:     6052 MB
    Driver:   26.21.14.3086
Initialize mono
Mono path[0] = 'D:/Program Files/2020.3.6f1/Editor/Data/Managed'
Mono path[1] = 'D:/Program Files/2020.3.6f1/Editor/Data/MonoBleedingEdge/lib/mono/unityjit'
Mono config path = 'D:/Program Files/2020.3.6f1/Editor/Data/MonoBleedingEdge/etc'
Using monoOptions --debugger-agent=transport=dt_socket,embedding=1,server=y,suspend=n,address=127.0.0.1:56368
Begin MonoManager ReloadAssembly
Registering precompiled unity dll's ...
Register platform support module: D:/Program Files/2020.3.6f1/Editor/Data/PlaybackEngines/WindowsStandaloneSupport/UnityEditor.WindowsStandalone.Extensions.dll
Registered in 0.001277 seconds.
Native extension for WindowsStandalone target not found
Refreshing native plugins compatible for Editor in 40.37 ms, found 0 plugins.
Preloading 0 native plugins for Editor in 0.00 ms.
Mono: successfully reloaded assembly
- Completed reload, in 15.738 seconds
Platform modules already initialized, skipping
Registering precompiled user dll's ...
Registered in 0.001170 seconds.
Begin MonoManager ReloadAssembly
Native extension for WindowsStandalone target not found
Refreshing native plugins compatible for Editor in 43.69 ms, found 0 plugins.
Preloading 0 native plugins for Editor in 0.00 ms.
Mono: successfully reloaded assembly
- Completed reload, in  1.568 seconds
Platform modules already initialized, skipping
========================================================================
Worker process is ready to serve import requests
Launched and connected shader compiler UnityShaderCompiler.exe after 0.26 seconds
Refreshing native plugins compatible for Editor in 0.42 ms, found 0 plugins.
Preloading 0 native plugins for Editor in 0.00 ms.
Unloading 2285 Unused Serialized files (Serialized files now loaded: 0)
System memory in use before: 104.3 MB.
System memory in use after: 104.4 MB.

Unloading 83 unused Assets to reduce memory usage. Loaded Objects now: 2725.
Total: 3.187900 ms (FindLiveObjects: 0.344000 ms CreateObjectMapping: 0.130900 ms MarkObjects: 2.528500 ms  DeleteObjects: 0.183100 ms)

========================================================================
Received Import Request.
  path: Assets/Scripts/Main.asmdef
  artifactKey: Guid(7f725c5b7164f914b9844af8938db3b8) Importer(815301076,1909f56bfc062723c751e8b465ee728b)
Start importing Assets/Scripts/Main.asmdef using Guid(7f725c5b7164f914b9844af8938db3b8) Importer(815301076,1909f56bfc062723c751e8b465ee728b)  -> (artifact id: '4f238e62b359a630e0a7204f779d0c88') in 0.113731 seconds
  Import took 0.117949 seconds .

========================================================================
Received Import Request.
  Time since last request: 158.623482 seconds.
  path: Assets/Scences/GamePlay/Stage1.unity
  artifactKey: Guid(1a8b572b9972c5743941cea85a528e78) Importer(815301076,1909f56bfc062723c751e8b465ee728b)
Start importing Assets/Scences/GamePlay/Stage1.unity using Guid(1a8b572b9972c5743941cea85a528e78) Importer(815301076,1909f56bfc062723c751e8b465ee728b)  -> (artifact id: 'd6ec3fede55872f9d43708b2d0e1f367') in 0.017723 seconds
  Import took 0.021734 seconds .

========================================================================
Received Import Request.
  Time since last request: 102.913578 seconds.
  path: ProjectSettings/TagManager.asset
  artifactKey: Guid(00000000000000003000000000000000) Importer(815301076,1909f56bfc062723c751e8b465ee728b)
Start importing ProjectSettings/TagManager.asset using Guid(00000000000000003000000000000000) Importer(815301076,1909f56bfc062723c751e8b465ee728b)  -> (artifact id: '3b40eee77f8b07ed65c62c4a0070088b') in 0.015933 seconds
  Import took 0.019844 seconds .

========================================================================
Received Import Request.
  Time since last request: 0.001505 seconds.
  path: ProjectSettings/TagManager.asset
  artifactKey: Guid(00000000000000003000000000000000) Importer(815301076,1909f56bfc062723c751e8b465ee728b)
Start importing ProjectSettings/TagManager.asset using Guid(00000000000000003000000000000000) Importer(815301076,1909f56bfc062723c751e8b465ee728b)  -> (artifact id: '3b40eee77f8b07ed65c62c4a0070088b') in 0.006602 seconds
  Import took 0.010845 seconds .

========================================================================
Received Import Request.
  Time since last request: 295.264115 seconds.
  path: Assets/Scripts/Game/Spawner.cs
  artifactKey: Guid(8918f9b7b31004a429efc25b4b9e29be) Importer(815301076,1909f56bfc062723c751e8b465ee728b)
Start importing Assets/Scripts/Game/Spawner.cs using Guid(8918f9b7b31004a429efc25b4b9e29be) Importer(815301076,1909f56bfc062723c751e8b465ee728b)  -> (artifact id: '3719e7b1d3d374cd6f879c54551380b8') in 0.042891 seconds
  Import took 0.047815 seconds .

========================================================================
Received Import Request.
  Time since last request: 0.002495 seconds.
  path: Assets/Scripts/Game/Spawner.cs
  artifactKey: Guid(8918f9b7b31004a429efc25b4b9e29be) Importer(815301076,1909f56bfc062723c751e8b465ee728b)
Start importing Assets/Scripts/Game/Spawner.cs using Guid(8918f9b7b31004a429efc25b4b9e29be) Importer(815301076,1909f56bfc062723c751e8b465ee728b)  -> (artifact id: '3719e7b1d3d374cd6f879c54551380b8') in 0.025119 seconds
  Import took 0.031075 seconds .

========================================================================
Received Import Request.
  Time since last request: 37.438251 seconds.
  path: Assets/Models/Material/Box01Mat.mat
  artifactKey: Guid(b8c688290c808c043b26fad646e2dd56) Importer(815301076,1909f56bfc062723c751e8b465ee728b)
Start importing Assets/Models/Material/Box01Mat.mat using Guid(b8c688290c808c043b26fad646e2dd56) Importer(815301076,1909f56bfc062723c751e8b465ee728b)  -> (artifact id: '931f32f9db14ae6e70203aebf6e1df4b') in 0.221608 seconds
  Import took 0.225429 seconds .

========================================================================
Received Import Request.
  Time since last request: 0.000332 seconds.
  path: Assets/Models/Material/Line02Mat.mat
  artifactKey: Guid(38cfbd2948c377446953ca9fdd5d6cb4) Importer(815301076,1909f56bfc062723c751e8b465ee728b)
Start importing Assets/Models/Material/Line02Mat.mat using Guid(38cfbd2948c377446953ca9fdd5d6cb4) Importer(815301076,1909f56bfc062723c751e8b465ee728b)  -> (artifact id: '3db24acff911bcb68f088b404b180f0f') in 0.016251 seconds
  Import took 0.019565 seconds .

========================================================================
Received Import Request.
  Time since last request: 0.000297 seconds.
  path: Assets/Models/Material/Line05Mat.mat
  artifactKey: Guid(472c029110921dd49a6689ba96299cf8) Importer(815301076,1909f56bfc062723c751e8b465ee728b)
Start importing Assets/Models/Material/Line05Mat.mat using Guid(472c029110921dd49a6689ba96299cf8) Importer(815301076,1909f56bfc062723c751e8b465ee728b)  -> (artifact id: '02f52d80b5fe20f5bc55e4a122e84393') in 0.022752 seconds
  Import took 0.026777 seconds .

========================================================================
Received Import Request.
  Time since last request: 0.000383 seconds.
  path: Assets/Models/Material/Line03Mat.mat
  artifactKey: Guid(15ff046994a33bc4388fac2f9afb12d0) Importer(815301076,1909f56bfc062723c751e8b465ee728b)
Start importing Assets/Models/Material/Line03Mat.mat using Guid(15ff046994a33bc4388fac2f9afb12d0) Importer(815301076,1909f56bfc062723c751e8b465ee728b)  -> (artifact id: 'be30a75bbc9bd1eff4f2f88862d93428') in 0.014773 seconds
  Import took 0.020332 seconds .

========================================================================
Received Import Request.
  Time since last request: 0.000354 seconds.
  path: Assets/Models/Material/Box03Mat.mat
  artifactKey: Guid(22cf8ab002a2c494fbc318191edb4f09) Importer(815301076,1909f56bfc062723c751e8b465ee728b)
Start importing Assets/Models/Material/Box03Mat.mat using Guid(22cf8ab002a2c494fbc318191edb4f09) Importer(815301076,1909f56bfc062723c751e8b465ee728b)  -> (artifact id: 'ed7b4cd9247e10a9c45be551fedb038f') in 0.017209 seconds
  Import took 0.021777 seconds .

========================================================================
Received Import Request.
  Time since last request: 0.000529 seconds.
  path: Assets/Models/Material/Plane01Mat.mat
  artifactKey: Guid(f7b1e7bffe10c7048ac11275a24012b6) Importer(815301076,1909f56bfc062723c751e8b465ee728b)
Start importing Assets/Models/Material/Plane01Mat.mat using Guid(f7b1e7bffe10c7048ac11275a24012b6) Importer(815301076,1909f56bfc062723c751e8b465ee728b)  -> (artifact id: '0ab50ec29d352cf6af7b49b64496791b') in 0.018606 seconds
  Import took 0.022481 seconds .

========================================================================
Received Import Request.
  Time since last request: 0.000355 seconds.
  path: Assets/Models/Material/Line01Mat.mat
  artifactKey: Guid(452a4dfb11446c9449b75680901c48ba) Importer(815301076,1909f56bfc062723c751e8b465ee728b)
Start importing Assets/Models/Material/Line01Mat.mat using Guid(452a4dfb11446c9449b75680901c48ba) Importer(815301076,1909f56bfc062723c751e8b465ee728b)  -> (artifact id: 'f5431c5a8852510852d9a4787a261e42') in 0.018265 seconds
  Import took 0.023301 seconds .

========================================================================
Received Import Request.
  Time since last request: 0.000306 seconds.
  path: Assets/Models/Material/unnamed.mat
  artifactKey: Guid(244807b0c5b71a743928a2544652e8df) Importer(815301076,1909f56bfc062723c751e8b465ee728b)
Start importing Assets/Models/Material/unnamed.mat using Guid(244807b0c5b71a743928a2544652e8df) Importer(815301076,1909f56bfc062723c751e8b465ee728b)  -> (artifact id: '921513c107134475f095fddadb604e90') in 0.023312 seconds
  Import took 0.027396 seconds .

========================================================================
Received Import Request.
  Time since last request: 0.000875 seconds.
  path: Assets/Models/Material/Material.mat
  artifactKey: Guid(3dda44208fca25541b8c00bd081a637d) Importer(815301076,1909f56bfc062723c751e8b465ee728b)
Start importing Assets/Models/Material/Material.mat using Guid(3dda44208fca25541b8c00bd081a637d) Importer(815301076,1909f56bfc062723c751e8b465ee728b)  -> (artifact id: 'dcdabd7167e5827d0c7d4b2c328f7790') in 0.021427 seconds
  Import took 0.025571 seconds .

========================================================================
Received Import Request.
  Time since last request: 0.000357 seconds.
  path: Assets/Models/Material/Cylinder01Mat.mat
  artifactKey: Guid(02a1f56b4847d5644aa49a7fd42554fa) Importer(815301076,1909f56bfc062723c751e8b465ee728b)
Start importing Assets/Models/Material/Cylinder01Mat.mat using Guid(02a1f56b4847d5644aa49a7fd42554fa) Importer(815301076,1909f56bfc062723c751e8b465ee728b)  -> (artifact id: 'd2fc4cd0e2755f691d19c1e3a0ecc2bf') in 0.016283 seconds
  Import took 0.020149 seconds .

========================================================================
Received Import Request.
  Time since last request: 0.000344 seconds.
  path: Assets/Models/Material/Drone_Albedo.mat
  artifactKey: Guid(5fbbe189e9d2e404e9b2d120f06bd5fc) Importer(815301076,1909f56bfc062723c751e8b465ee728b)
Start importing Assets/Models/Material/Drone_Albedo.mat using Guid(5fbbe189e9d2e404e9b2d120f06bd5fc) Importer(815301076,1909f56bfc062723c751e8b465ee728b)  -> (artifact id: '697fc00833388d545cc808854f559c66') in 0.021923 seconds
  Import took 0.025763 seconds .

========================================================================
Received Import Request.
  Time since last request: 0.000566 seconds.
  path: Assets/Models/Material/Plane02Mat.mat
  artifactKey: Guid(0954d891b3a34ee4193dd5c81d955ab9) Importer(815301076,1909f56bfc062723c751e8b465ee728b)
Start importing Assets/Models/Material/Plane02Mat.mat using Guid(0954d891b3a34ee4193dd5c81d955ab9) Importer(815301076,1909f56bfc062723c751e8b465ee728b)  -> (artifact id: '3662a0d1fd482b85130cdfc05b8c54e5') in 0.015893 seconds
  Import took 0.020488 seconds .

========================================================================
Received Import Request.
  Time since last request: 0.000403 seconds.
  path: Assets/Models/Material/GeoSphere01Mat.mat
  artifactKey: Guid(458f308489c39cd4d852b8248383235f) Importer(815301076,1909f56bfc062723c751e8b465ee728b)
Start importing Assets/Models/Material/GeoSphere01Mat.mat using Guid(458f308489c39cd4d852b8248383235f) Importer(815301076,1909f56bfc062723c751e8b465ee728b)  -> (artifact id: '7a9f9ce93b62bc813b0aff2725ec98b1') in 0.016948 seconds
  Import took 0.020660 seconds .

========================================================================
Received Import Request.
  Time since last request: 0.000378 seconds.
  path: Assets/Models/Material/Line04Mat.mat
  artifactKey: Guid(e18283c4177c5454199a99dcff368f67) Importer(815301076,1909f56bfc062723c751e8b465ee728b)
Start importing Assets/Models/Material/Line04Mat.mat using Guid(e18283c4177c5454199a99dcff368f67) Importer(815301076,1909f56bfc062723c751e8b465ee728b)  -> (artifact id: '673b32222a78de639826db05eaa3670e') in 0.016927 seconds
  Import took 0.021659 seconds .

========================================================================
Received Import Request.
  Time since last request: 0.000439 seconds.
  path: Assets/Models/Material/Box02Mat.mat
  artifactKey: Guid(1ba7de31facd7de47838a2ba32849f35) Importer(815301076,1909f56bfc062723c751e8b465ee728b)
Start importing Assets/Models/Material/Box02Mat.mat using Guid(1ba7de31facd7de47838a2ba32849f35) Importer(815301076,1909f56bfc062723c751e8b465ee728b)  -> (artifact id: '510c6595d90590a1deef68a72c384d7f') in 0.015929 seconds
  Import took 0.019738 seconds .

========================================================================
Received Import Request.
  Time since last request: 0.000364 seconds.
  path: Assets/Models/Material/ChamferBox01Mat.mat
  artifactKey: Guid(c799b6fbdcf9f59469ca317f04a2d41a) Importer(815301076,1909f56bfc062723c751e8b465ee728b)
Start importing Assets/Models/Material/ChamferBox01Mat.mat using Guid(c799b6fbdcf9f59469ca317f04a2d41a) Importer(815301076,1909f56bfc062723c751e8b465ee728b)  -> (artifact id: 'fdf9d0f2f4f2091efe7535681677a1ed') in 0.015404 seconds
  Import took 0.019404 seconds .

========================================================================
Received Import Request.
  Time since last request: 0.000383 seconds.
  path: Assets/Models/Material/Cylinder02Mat.mat
  artifactKey: Guid(d5618fe3857ca8c41a87a8a56b1fc278) Importer(815301076,1909f56bfc062723c751e8b465ee728b)
Start importing Assets/Models/Material/Cylinder02Mat.mat using Guid(d5618fe3857ca8c41a87a8a56b1fc278) Importer(815301076,1909f56bfc062723c751e8b465ee728b)  -> (artifact id: 'f98ad267729608b0510a9883f5d6aff6') in 0.016902 seconds
  Import took 0.020687 seconds .

========================================================================
Received Prepare
Registering precompiled user dll's ...
Registered in 0.001097 seconds.
Begin MonoManager ReloadAssembly
Native extension for WindowsStandalone target not found
Refreshing native plugins compatible for Editor in 0.42 ms, found 0 plugins.
Preloading 0 native plugins for Editor in 0.00 ms.
Warning: Annotation not found!
UnityEngine.StackTraceUtility:ExtractStackTrace ()
UnityEditor.ProBuilder.EditorUtility:SetGizmoIconEnabled (System.Type,bool) (at Library/PackageCache/com.unity.probuilder@4.5.0/Editor/EditorCore/EditorUtility.cs:593)
UnityEditor.ProBuilder.HierarchyListener:.cctor () (at Library/PackageCache/com.unity.probuilder@4.5.0/Editor/EditorCore/HierarchyListener.cs:21)
System.Runtime.CompilerServices.RuntimeHelpers:RunClassConstructor (System.RuntimeTypeHandle)
UnityEditor.EditorAssemblies:ProcessInitializeOnLoadAttributes (System.Type[])

[Library/PackageCache/com.unity.probuilder@4.5.0/Editor/EditorCore/EditorUtility.cs line 593]

Mono: successfully reloaded assembly
- Completed reload, in  0.993 seconds
Platform modules already initialized, skipping
Switching build target platform(5) subTarget(0) extendedPlatform(0) -> platform(13) subTarget(524288) extendedPlatform(0)
Refreshing native plugins compatible for Editor in 0.48 ms, found 0 plugins.
Preloading 0 native plugins for Editor in 0.00 ms.
Unloading 2231 Unused Serialized files (Serialized files now loaded: 0)
System memory in use before: 102.3 MB.
System memory in use after: 102.5 MB.

Unloading 8 unused Assets to reduce memory usage. Loaded Objects now: 2769.
Total: 3.195600 ms (FindLiveObjects: 0.402200 ms CreateObjectMapping: 0.131000 ms MarkObjects: 2.615300 ms  DeleteObjects: 0.043800 ms)

AssetImportParameters requested are different than current active one (requested -> active):
  custom:graphics/normal-map-encoding: 01000000000000000000000000000000 -> 02000000000000000000000000000000
AssetImportWorkerClient::OnTransportError - code=2 error=End of file
