Using pre-set license
Built from '2020.3/staging' branch; Version is '2020.3.0f1 (c7b5465681fb) revision 13088070'; Using compiler version '192528614'; Build Type 'Release'
OS: 'Windows 10 Pro; OS build 19041.928; Version 2004; 64bit' Language: 'ko' Physical Memory: 8039 MB
BatchMode: 1, IsHumanControllingUs: 0, StartBugReporterOnCrash: 0, Is64bit: 1, IsPro: 0

 COMMAND LINE ARGUMENTS:
D:\Program Files\2020.3.0f1\Editor\Unity.exe
-adb2
-batchMode
-noUpm
-name
AssetImportWorker1
-projectPath
C:/Users/Created/Documents/GitHub/ArProject/ARTeamProj/TutorialAr2
-logFile
Logs/AssetImportWorker1.log
-srvPort
51685
Successfully changed project path to: C:/Users/Created/Documents/GitHub/ArProject/ARTeamProj/TutorialAr2
C:/Users/Created/Documents/GitHub/ArProject/ARTeamProj/TutorialAr2
Using Asset Import Pipeline V2.
Refreshing native plugins compatible for Editor in 102.08 ms, found 0 plugins.
Preloading 0 native plugins for Editor in 0.00 ms.
Initialize engine version: 2020.3.0f1 (c7b5465681fb)
[Subsystems] Discovering subsystems at path D:/Program Files/2020.3.0f1/Editor/Data/Resources/UnitySubsystems
[Subsystems] Discovering subsystems at path C:/Users/Created/Documents/GitHub/ArProject/ARTeamProj/TutorialAr2/Assets
GfxDevice: creating device client; threaded=0
Direct3D:
    Version:  Direct3D 11.0 [level 11.1]
    Renderer: NVIDIA GeForce GTX 1060 (ID=0x1c20)
    Vendor:   
    VRAM:     6052 MB
    Driver:   26.21.14.3086
Initialize mono
Mono path[0] = 'D:/Program Files/2020.3.0f1/Editor/Data/Managed'
Mono path[1] = 'D:/Program Files/2020.3.0f1/Editor/Data/MonoBleedingEdge/lib/mono/unityjit'
Mono config path = 'D:/Program Files/2020.3.0f1/Editor/Data/MonoBleedingEdge/etc'
Using monoOptions --debugger-agent=transport=dt_socket,embedding=1,server=y,suspend=n,address=127.0.0.1:56084
Begin MonoManager ReloadAssembly
Registering precompiled unity dll's ...
Register platform support module: D:/Program Files/2020.3.0f1/Editor/Data/PlaybackEngines/WindowsStandaloneSupport/UnityEditor.WindowsStandalone.Extensions.dll
Registered in 0.002658 seconds.
Native extension for WindowsStandalone target not found
Refreshing native plugins compatible for Editor in 85.59 ms, found 0 plugins.
Preloading 0 native plugins for Editor in 0.00 ms.
Invoked RoslynAnalysisRunner static constructor.
RoslynAnalysisRunner will not be running.
RoslynAnalysisRunner has terminated.
Mono: successfully reloaded assembly
- Completed reload, in  4.477 seconds
Platform modules already initialized, skipping
Registering precompiled user dll's ...
Registered in 0.002069 seconds.
Begin MonoManager ReloadAssembly
Native extension for WindowsStandalone target not found
Refreshing native plugins compatible for Editor in 82.50 ms, found 0 plugins.
Preloading 0 native plugins for Editor in 0.00 ms.
Invoked RoslynAnalysisRunner static constructor.
RoslynAnalysisRunner will not be running.
RoslynAnalysisRunner has terminated.
Mono: successfully reloaded assembly
- Completed reload, in  2.414 seconds
Platform modules already initialized, skipping
========================================================================
Worker process is ready to serve import requests
Launched and connected shader compiler UnityShaderCompiler.exe after 0.29 seconds
Refreshing native plugins compatible for Editor in 0.68 ms, found 0 plugins.
Preloading 0 native plugins for Editor in 0.00 ms.
Unloading 2257 Unused Serialized files (Serialized files now loaded: 0)
System memory in use before: 101.8 MB.
System memory in use after: 101.9 MB.

Unloading 83 unused Assets to reduce memory usage. Loaded Objects now: 2696.
Total: 4.728600 ms (FindLiveObjects: 0.413000 ms CreateObjectMapping: 0.257200 ms MarkObjects: 3.742800 ms  DeleteObjects: 0.313900 ms)

========================================================================
Received Import Request.
  path: Assets/Scripts/Game/RayCast.cs
  artifactKey: Guid(4b0dc4989d3d50b41a4c9ba2146b13ac) Importer(815301076,1909f56bfc062723c751e8b465ee728b)
Start importing Assets/Scripts/Game/RayCast.cs using Guid(4b0dc4989d3d50b41a4c9ba2146b13ac) Importer(815301076,1909f56bfc062723c751e8b465ee728b)  -> (artifact id: 'f6a8a84b410beb8b4518b389b1d84743') in 0.172426 seconds
  Import took 0.179681 seconds .

========================================================================
Received Import Request.
  Time since last request: 0.001627 seconds.
  path: Assets/Scripts/Main.asmdef
  artifactKey: Guid(7f725c5b7164f914b9844af8938db3b8) Importer(815301076,1909f56bfc062723c751e8b465ee728b)
Start importing Assets/Scripts/Main.asmdef using Guid(7f725c5b7164f914b9844af8938db3b8) Importer(815301076,1909f56bfc062723c751e8b465ee728b)  -> (artifact id: 'ee190a696d5f52f289e5552f8db1c164') in 0.026306 seconds
  Import took 0.033173 seconds .

========================================================================
Received Import Request.
  Time since last request: 0.000551 seconds.
  path: Assets/Scripts/BgmManager.cs
  artifactKey: Guid(21e52a7694ccbfe49b1c6324936bd6c4) Importer(815301076,1909f56bfc062723c751e8b465ee728b)
Start importing Assets/Scripts/BgmManager.cs using Guid(21e52a7694ccbfe49b1c6324936bd6c4) Importer(815301076,1909f56bfc062723c751e8b465ee728b)  -> (artifact id: '4ff6535d7725a979b710cfbbc48f3ba4') in 0.014245 seconds
  Import took 0.020918 seconds .

========================================================================
Received Import Request.
  Time since last request: 0.000566 seconds.
  path: Assets/Scripts/Game
  artifactKey: Guid(42e5869a7bd91334781ad58fa56a680c) Importer(815301076,1909f56bfc062723c751e8b465ee728b)
Start importing Assets/Scripts/Game using Guid(42e5869a7bd91334781ad58fa56a680c) Importer(815301076,1909f56bfc062723c751e8b465ee728b)  -> (artifact id: 'cfdd3288518d0e7f0103ba6fb436846a') in 0.014547 seconds
  Import took 0.020957 seconds .

========================================================================
Received Import Request.
  Time since last request: 209.586687 seconds.
  path: Assets/Scences/GamePlay
  artifactKey: Guid(846a12f1e99b63447803590bbc5a5a00) Importer(815301076,1909f56bfc062723c751e8b465ee728b)
Start importing Assets/Scences/GamePlay using Guid(846a12f1e99b63447803590bbc5a5a00) Importer(815301076,1909f56bfc062723c751e8b465ee728b)  -> (artifact id: '3e17e432681f28d27ec909735cb3c4e9') in 0.015756 seconds
  Import took 0.024269 seconds .

========================================================================
Received Import Request.
  Time since last request: 1.035079 seconds.
  path: Assets/Scences/GamePlay/MainMenu.unity
  artifactKey: Guid(51ec04890bc86ca44a43fc83b9b9ddae) Importer(815301076,1909f56bfc062723c751e8b465ee728b)
Start importing Assets/Scences/GamePlay/MainMenu.unity using Guid(51ec04890bc86ca44a43fc83b9b9ddae) Importer(815301076,1909f56bfc062723c751e8b465ee728b)  -> (artifact id: 'efee359ff947e68b8d4c3ced01d15b06') in 0.363648 seconds
  Import took 0.370724 seconds .

========================================================================
Received Import Request.
  Time since last request: 17.602548 seconds.
  path: Assets/Scences/Store
  artifactKey: Guid(f63d74599d357214d9510cab212bd4de) Importer(815301076,1909f56bfc062723c751e8b465ee728b)
Start importing Assets/Scences/Store using Guid(f63d74599d357214d9510cab212bd4de) Importer(815301076,1909f56bfc062723c751e8b465ee728b)  -> (artifact id: '622bf767de1225007cd43ec5a1224ffc') in 0.052172 seconds
  Import took 0.060479 seconds .

========================================================================
Received Import Request.
  Time since last request: 0.003166 seconds.
  path: Assets/Scences/Store
  artifactKey: Guid(f63d74599d357214d9510cab212bd4de) Importer(815301076,1909f56bfc062723c751e8b465ee728b)
Start importing Assets/Scences/Store using Guid(f63d74599d357214d9510cab212bd4de) Importer(815301076,1909f56bfc062723c751e8b465ee728b)  -> (artifact id: '622bf767de1225007cd43ec5a1224ffc') in 0.026315 seconds
  Import took 0.036620 seconds .

========================================================================
Received Import Request.
  Time since last request: 4.575259 seconds.
  path: Assets/Scences/Gun
  artifactKey: Guid(12c64ab856c7262448e96e97ac4e2ada) Importer(815301076,1909f56bfc062723c751e8b465ee728b)
Start importing Assets/Scences/Gun using Guid(12c64ab856c7262448e96e97ac4e2ada) Importer(815301076,1909f56bfc062723c751e8b465ee728b)  -> (artifact id: '0b9c0036d18a2c2fff1edeb51b0a8cdf') in 0.027482 seconds
  Import took 0.033993 seconds .

========================================================================
Received Import Request.
  Time since last request: 267.126556 seconds.
  path: Assets/Scripts/Main.asmdef
  artifactKey: Guid(7f725c5b7164f914b9844af8938db3b8) Importer(815301076,1909f56bfc062723c751e8b465ee728b)
Start importing Assets/Scripts/Main.asmdef using Guid(7f725c5b7164f914b9844af8938db3b8) Importer(815301076,1909f56bfc062723c751e8b465ee728b)  -> (artifact id: '3f366e02563b33cef04c5125efbc0d55') in 0.005491 seconds
  Import took 0.012548 seconds .

========================================================================
Received Import Request.
  Time since last request: 0.009718 seconds.
  path: Assets/Scripts/Main.asmdef
  artifactKey: Guid(7f725c5b7164f914b9844af8938db3b8) Importer(815301076,1909f56bfc062723c751e8b465ee728b)
Start importing Assets/Scripts/Main.asmdef using Guid(7f725c5b7164f914b9844af8938db3b8) Importer(815301076,1909f56bfc062723c751e8b465ee728b)  -> (artifact id: '3f366e02563b33cef04c5125efbc0d55') in 0.006497 seconds
  Import took 0.011004 seconds .

========================================================================
Received Import Request.
  Time since last request: 323.537042 seconds.
  path: Assets/Scripts/Main.asmdef
  artifactKey: Guid(7f725c5b7164f914b9844af8938db3b8) Importer(815301076,1909f56bfc062723c751e8b465ee728b)
Start importing Assets/Scripts/Main.asmdef using Guid(7f725c5b7164f914b9844af8938db3b8) Importer(815301076,1909f56bfc062723c751e8b465ee728b)  -> (artifact id: 'd75683c66ebe85770ca371402ff4b66b') in 0.003642 seconds
  Import took 0.009537 seconds .

========================================================================
Received Import Request.
  Time since last request: 348.493853 seconds.
  path: Assets/Scences/GamePlay/Stage1.unity
  artifactKey: Guid(1a8b572b9972c5743941cea85a528e78) Importer(815301076,1909f56bfc062723c751e8b465ee728b)
Start importing Assets/Scences/GamePlay/Stage1.unity using Guid(1a8b572b9972c5743941cea85a528e78) Importer(815301076,1909f56bfc062723c751e8b465ee728b)  -> (artifact id: '5cc17ca235b93cca96bd6524bca3bf38') in 0.014145 seconds
  Import took 0.022029 seconds .

========================================================================
Received Import Request.
  Time since last request: 0.002001 seconds.
  path: Assets/Scences/GamePlay/Stage1.unity
  artifactKey: Guid(1a8b572b9972c5743941cea85a528e78) Importer(815301076,1909f56bfc062723c751e8b465ee728b)
Start importing Assets/Scences/GamePlay/Stage1.unity using Guid(1a8b572b9972c5743941cea85a528e78) Importer(815301076,1909f56bfc062723c751e8b465ee728b)  -> (artifact id: '5cc17ca235b93cca96bd6524bca3bf38') in 0.005262 seconds
  Import took 0.012823 seconds .

========================================================================
Received Import Request.
  Time since last request: 577.493540 seconds.
  path: Assets/Scences/GamePlay/Stage2.unity
  artifactKey: Guid(e3ce54259876d6549a2cfd2f471cc8aa) Importer(815301076,1909f56bfc062723c751e8b465ee728b)
Start importing Assets/Scences/GamePlay/Stage2.unity using Guid(e3ce54259876d6549a2cfd2f471cc8aa) Importer(815301076,1909f56bfc062723c751e8b465ee728b)  -> (artifact id: 'e4761eff8612e34bf4585c013047cad6') in 0.014379 seconds
  Import took 0.019425 seconds .

========================================================================
Received Import Request.
  Time since last request: 124.531679 seconds.
  path: Assets/Scences/GamePlay/Stage1.unity
  artifactKey: Guid(1a8b572b9972c5743941cea85a528e78) Importer(815301076,1909f56bfc062723c751e8b465ee728b)
Start importing Assets/Scences/GamePlay/Stage1.unity using Guid(1a8b572b9972c5743941cea85a528e78) Importer(815301076,1909f56bfc062723c751e8b465ee728b)  -> (artifact id: '6578911c9096be3def17c14b2b7b928d') in 0.008933 seconds
  Import took 0.013911 seconds .

========================================================================
Received Import Request.
  Time since last request: 133.021827 seconds.
  path: Assets/Scripts/Game/UIManager.cs
  artifactKey: Guid(89bb35542015b764ab538e617aac0126) Importer(815301076,1909f56bfc062723c751e8b465ee728b)
Start importing Assets/Scripts/Game/UIManager.cs using Guid(89bb35542015b764ab538e617aac0126) Importer(815301076,1909f56bfc062723c751e8b465ee728b)  -> (artifact id: '169597ad290c6077a7e216d2980ecc37') in 0.022113 seconds
  Import took 0.027651 seconds .

========================================================================
Received Import Request.
  Time since last request: 0.002513 seconds.
  path: Assets/Scripts/Game/UIManager.cs
  artifactKey: Guid(89bb35542015b764ab538e617aac0126) Importer(815301076,1909f56bfc062723c751e8b465ee728b)
Start importing Assets/Scripts/Game/UIManager.cs using Guid(89bb35542015b764ab538e617aac0126) Importer(815301076,1909f56bfc062723c751e8b465ee728b)  -> (artifact id: '169597ad290c6077a7e216d2980ecc37') in 0.003491 seconds
  Import took 0.007898 seconds .

========================================================================
Received Import Request.
  Time since last request: 36.938237 seconds.
  path: Assets/Scripts/Game/GameUI.cs
  artifactKey: Guid(38adfbbb138e4414c9bdac351d35886b) Importer(815301076,1909f56bfc062723c751e8b465ee728b)
Start importing Assets/Scripts/Game/GameUI.cs using Guid(38adfbbb138e4414c9bdac351d35886b) Importer(815301076,1909f56bfc062723c751e8b465ee728b)  -> (artifact id: '53ced37b0466293b26e7a932220d9ed4') in 0.009187 seconds
  Import took 0.015263 seconds .

========================================================================
Received Prepare
Registering precompiled user dll's ...
Registered in 0.003599 seconds.
Begin MonoManager ReloadAssembly
Native extension for WindowsStandalone target not found
Refreshing native plugins compatible for Editor in 0.48 ms, found 0 plugins.
Preloading 0 native plugins for Editor in 0.00 ms.
Warning: Annotation not found!
UnityEngine.StackTraceUtility:ExtractStackTrace ()
UnityEditor.ProBuilder.EditorUtility:SetGizmoIconEnabled (System.Type,bool) (at Library/PackageCache/com.unity.probuilder@4.5.0/Editor/EditorCore/EditorUtility.cs:593)
UnityEditor.ProBuilder.HierarchyListener:.cctor () (at Library/PackageCache/com.unity.probuilder@4.5.0/Editor/EditorCore/HierarchyListener.cs:21)
System.Runtime.CompilerServices.RuntimeHelpers:RunClassConstructor (System.RuntimeTypeHandle)
UnityEditor.EditorAssemblies:ProcessInitializeOnLoadAttributes (System.Type[])

[Library/PackageCache/com.unity.probuilder@4.5.0/Editor/EditorCore/EditorUtility.cs line 593]

Invoked RoslynAnalysisRunner static constructor.
RoslynAnalysisRunner will not be running.
RoslynAnalysisRunner has terminated.
Mono: successfully reloaded assembly
- Completed reload, in  1.689 seconds
Platform modules already initialized, skipping
Switching build target platform(5) subTarget(0) extendedPlatform(0) -> platform(13) subTarget(524288) extendedPlatform(0)
Refreshing native plugins compatible for Editor in 0.42 ms, found 0 plugins.
Preloading 0 native plugins for Editor in 0.00 ms.
Unloading 2205 Unused Serialized files (Serialized files now loaded: 0)
System memory in use before: 98.4 MB.
System memory in use after: 98.5 MB.

Unloading 6 unused Assets to reduce memory usage. Loaded Objects now: 2702.
Total: 4.744800 ms (FindLiveObjects: 0.229200 ms CreateObjectMapping: 0.118300 ms MarkObjects: 4.264500 ms  DeleteObjects: 0.130700 ms)

AssetImportParameters requested are different than current active one (requested -> active):
  custom:graphics/normal-map-encoding: 01000000000000000000000000000000 -> 02000000000000000000000000000000
========================================================================
Received Prepare
Registering precompiled user dll's ...
Registered in 0.001974 seconds.
Begin MonoManager ReloadAssembly
Native extension for WindowsStandalone target not found
Refreshing native plugins compatible for Editor in 0.52 ms, found 0 plugins.
Preloading 0 native plugins for Editor in 0.00 ms.
Warning: Annotation not found!
UnityEngine.StackTraceUtility:ExtractStackTrace ()
UnityEditor.ProBuilder.EditorUtility:SetGizmoIconEnabled (System.Type,bool) (at Library/PackageCache/com.unity.probuilder@4.5.0/Editor/EditorCore/EditorUtility.cs:593)
UnityEditor.ProBuilder.HierarchyListener:.cctor () (at Library/PackageCache/com.unity.probuilder@4.5.0/Editor/EditorCore/HierarchyListener.cs:21)
System.Runtime.CompilerServices.RuntimeHelpers:RunClassConstructor (System.RuntimeTypeHandle)
UnityEditor.EditorAssemblies:ProcessInitializeOnLoadAttributes (System.Type[])

[Library/PackageCache/com.unity.probuilder@4.5.0/Editor/EditorCore/EditorUtility.cs line 593]

Invoked RoslynAnalysisRunner static constructor.
RoslynAnalysisRunner will not be running.
RoslynAnalysisRunner has terminated.
Mono: successfully reloaded assembly
- Completed reload, in  1.444 seconds
Platform modules already initialized, skipping
Switching build target platform(5) subTarget(0) extendedPlatform(0) -> platform(13) subTarget(524288) extendedPlatform(0)
Refreshing native plugins compatible for Editor in 0.45 ms, found 0 plugins.
Preloading 0 native plugins for Editor in 0.00 ms.
Unloading 2205 Unused Serialized files (Serialized files now loaded: 0)
System memory in use before: 98.4 MB.
System memory in use after: 98.5 MB.

Unloading 6 unused Assets to reduce memory usage. Loaded Objects now: 2707.
Total: 3.083500 ms (FindLiveObjects: 0.240800 ms CreateObjectMapping: 0.122600 ms MarkObjects: 2.619200 ms  DeleteObjects: 0.098900 ms)

AssetImportParameters requested are different than current active one (requested -> active):
  custom:graphics/normal-map-encoding: 01000000000000000000000000000000 -> 02000000000000000000000000000000
========================================================================
Received Import Request.
  Time since last request: 18936.440254 seconds.
  path: Assets/Scripts/Game/monsterController.cs
  artifactKey: Guid(72b24a84cf5511249979028e631c766c) Importer(815301076,1909f56bfc062723c751e8b465ee728b)
Start importing Assets/Scripts/Game/monsterController.cs using Guid(72b24a84cf5511249979028e631c766c) Importer(815301076,1909f56bfc062723c751e8b465ee728b)  -> (artifact id: 'd8af53333ac9b67dddb0d9409db88330') in 0.017767 seconds
  Import took 0.023618 seconds .

========================================================================
Received Import Request.
  Time since last request: 0.022072 seconds.
  path: Assets/Scripts/Game/monsterController.cs
  artifactKey: Guid(72b24a84cf5511249979028e631c766c) Importer(815301076,1909f56bfc062723c751e8b465ee728b)
Start importing Assets/Scripts/Game/monsterController.cs using Guid(72b24a84cf5511249979028e631c766c) Importer(815301076,1909f56bfc062723c751e8b465ee728b)  -> (artifact id: 'd8af53333ac9b67dddb0d9409db88330') in 0.004072 seconds
  Import took 0.007924 seconds .

========================================================================
Received Import Request.
  Time since last request: 4294.279406 seconds.
  path: Assets/Scripts/Game/monsterController.cs
  artifactKey: Guid(72b24a84cf5511249979028e631c766c) Importer(815301076,1909f56bfc062723c751e8b465ee728b)
Start importing Assets/Scripts/Game/monsterController.cs using Guid(72b24a84cf5511249979028e631c766c) Importer(815301076,1909f56bfc062723c751e8b465ee728b)  -> (artifact id: 'e3bbf809ed343705f0aa400edd124183') in 0.005616 seconds
  Import took 0.011783 seconds .

AssetImportWorkerClient::OnTransportError - code=2 error=End of file
