Using pre-set license
Built from '2020.3/staging' branch; Version is '2020.3.6f1 (338bb68529b2) revision 3378102'; Using compiler version '192528614'; Build Type 'Release'
OS: 'Windows 10 Pro; OS build 19041.928; Version 2004; 64bit' Language: 'ko' Physical Memory: 8039 MB
BatchMode: 1, IsHumanControllingUs: 0, StartBugReporterOnCrash: 0, Is64bit: 1, IsPro: 0

 COMMAND LINE ARGUMENTS:
D:\Program Files\2020.3.6f1\Editor\Unity.exe
-adb2
-batchMode
-noUpm
-name
AssetImportWorker2
-projectPath
C:/Users/Created/Documents/GitHub/ArProject/ARTeamProj/TutorialAr2
-logFile
Logs/AssetImportWorker2.log
-srvPort
51947
Successfully changed project path to: C:/Users/Created/Documents/GitHub/ArProject/ARTeamProj/TutorialAr2
C:/Users/Created/Documents/GitHub/ArProject/ARTeamProj/TutorialAr2
Using Asset Import Pipeline V2.
Refreshing native plugins compatible for Editor in 47.40 ms, found 0 plugins.
Preloading 0 native plugins for Editor in 0.00 ms.
Initialize engine version: 2020.3.6f1 (338bb68529b2)
[Subsystems] Discovering subsystems at path D:/Program Files/2020.3.6f1/Editor/Data/Resources/UnitySubsystems
[Subsystems] Discovering subsystems at path C:/Users/Created/Documents/GitHub/ArProject/ARTeamProj/TutorialAr2/Assets
GfxDevice: creating device client; threaded=0
Direct3D:
    Version:  Direct3D 11.0 [level 11.1]
    Renderer: NVIDIA GeForce GTX 1060 (ID=0x1c20)
    Vendor:   
    VRAM:     6052 MB
    Driver:   26.21.14.3086
Initialize mono
Mono path[0] = 'D:/Program Files/2020.3.6f1/Editor/Data/Managed'
Mono path[1] = 'D:/Program Files/2020.3.6f1/Editor/Data/MonoBleedingEdge/lib/mono/unityjit'
Mono config path = 'D:/Program Files/2020.3.6f1/Editor/Data/MonoBleedingEdge/etc'
Using monoOptions --debugger-agent=transport=dt_socket,embedding=1,server=y,suspend=n,address=127.0.0.1:56588
Begin MonoManager ReloadAssembly
Registering precompiled unity dll's ...
Register platform support module: D:/Program Files/2020.3.6f1/Editor/Data/PlaybackEngines/WindowsStandaloneSupport/UnityEditor.WindowsStandalone.Extensions.dll
Registered in 0.001237 seconds.
Native extension for WindowsStandalone target not found
Refreshing native plugins compatible for Editor in 42.06 ms, found 0 plugins.
Preloading 0 native plugins for Editor in 0.00 ms.
Mono: successfully reloaded assembly
- Completed reload, in  5.065 seconds
Platform modules already initialized, skipping
Registering precompiled user dll's ...
Registered in 0.001231 seconds.
Begin MonoManager ReloadAssembly
Native extension for WindowsStandalone target not found
Refreshing native plugins compatible for Editor in 43.76 ms, found 0 plugins.
Preloading 0 native plugins for Editor in 0.00 ms.
Mono: successfully reloaded assembly
- Completed reload, in  1.289 seconds
Platform modules already initialized, skipping
========================================================================
Worker process is ready to serve import requests
Launched and connected shader compiler UnityShaderCompiler.exe after 0.23 seconds
Refreshing native plugins compatible for Editor in 0.41 ms, found 0 plugins.
Preloading 0 native plugins for Editor in 0.00 ms.
Unloading 2281 Unused Serialized files (Serialized files now loaded: 0)
System memory in use before: 103.1 MB.
System memory in use after: 103.2 MB.

Unloading 84 unused Assets to reduce memory usage. Loaded Objects now: 2720.
Total: 3.397000 ms (FindLiveObjects: 0.421100 ms CreateObjectMapping: 0.158000 ms MarkObjects: 2.632500 ms  DeleteObjects: 0.184100 ms)

========================================================================
Received Import Request.
  path: Assets/Scripts/Main.asmdef
  artifactKey: Guid(7f725c5b7164f914b9844af8938db3b8) Importer(815301076,1909f56bfc062723c751e8b465ee728b)
Start importing Assets/Scripts/Main.asmdef using Guid(7f725c5b7164f914b9844af8938db3b8) Importer(815301076,1909f56bfc062723c751e8b465ee728b)  -> (artifact id: 'b682e72fa8fc17a175594e682357b15b') in 0.134957 seconds
  Import took 0.139606 seconds .

========================================================================
Received Import Request.
  Time since last request: 50.516635 seconds.
  path: Assets/Scences/GamePlay
  artifactKey: Guid(846a12f1e99b63447803590bbc5a5a00) Importer(815301076,1909f56bfc062723c751e8b465ee728b)
Start importing Assets/Scences/GamePlay using Guid(846a12f1e99b63447803590bbc5a5a00) Importer(815301076,1909f56bfc062723c751e8b465ee728b)  -> (artifact id: '9284151d9d879fa84fad38fd0353fa1e') in 0.013364 seconds
  Import took 0.018295 seconds .

========================================================================
Received Import Request.
  Time since last request: 1.735182 seconds.
  path: Assets/Scences/GamePlay/MainMenu.unity
  artifactKey: Guid(51ec04890bc86ca44a43fc83b9b9ddae) Importer(815301076,1909f56bfc062723c751e8b465ee728b)
Start importing Assets/Scences/GamePlay/MainMenu.unity using Guid(51ec04890bc86ca44a43fc83b9b9ddae) Importer(815301076,1909f56bfc062723c751e8b465ee728b)  -> (artifact id: '30014f9633f3068f8fb9670ceb6eb572') in 0.011794 seconds
  Import took 0.016169 seconds .

========================================================================
Received Import Request.
  Time since last request: 0.001354 seconds.
  path: Assets/Scences/GamePlay/MainMenu.unity
  artifactKey: Guid(51ec04890bc86ca44a43fc83b9b9ddae) Importer(815301076,1909f56bfc062723c751e8b465ee728b)
Start importing Assets/Scences/GamePlay/MainMenu.unity using Guid(51ec04890bc86ca44a43fc83b9b9ddae) Importer(815301076,1909f56bfc062723c751e8b465ee728b)  -> (artifact id: '30014f9633f3068f8fb9670ceb6eb572') in 0.004738 seconds
  Import took 0.009757 seconds .

========================================================================
Received Import Request.
  Time since last request: 4.299136 seconds.
  path: Assets/Scences/GamePlay/Stage2.unity
  artifactKey: Guid(e3ce54259876d6549a2cfd2f471cc8aa) Importer(815301076,1909f56bfc062723c751e8b465ee728b)
Start importing Assets/Scences/GamePlay/Stage2.unity using Guid(e3ce54259876d6549a2cfd2f471cc8aa) Importer(815301076,1909f56bfc062723c751e8b465ee728b)  -> (artifact id: '2c66dd0cde9c57d1139181ae53111182') in 0.012644 seconds
  Import took 0.018202 seconds .

========================================================================
Received Prepare
Registering precompiled user dll's ...
Registered in 0.001230 seconds.
Begin MonoManager ReloadAssembly
Native extension for WindowsStandalone target not found
Refreshing native plugins compatible for Editor in 0.48 ms, found 0 plugins.
Preloading 0 native plugins for Editor in 0.00 ms.
Warning: Annotation not found!
UnityEngine.StackTraceUtility:ExtractStackTrace ()
UnityEditor.ProBuilder.EditorUtility:SetGizmoIconEnabled (System.Type,bool) (at Library/PackageCache/com.unity.probuilder@4.5.0/Editor/EditorCore/EditorUtility.cs:593)
UnityEditor.ProBuilder.HierarchyListener:.cctor () (at Library/PackageCache/com.unity.probuilder@4.5.0/Editor/EditorCore/HierarchyListener.cs:21)
System.Runtime.CompilerServices.RuntimeHelpers:RunClassConstructor (System.RuntimeTypeHandle)
UnityEditor.EditorAssemblies:ProcessInitializeOnLoadAttributes (System.Type[])

[Library/PackageCache/com.unity.probuilder@4.5.0/Editor/EditorCore/EditorUtility.cs line 593]

Mono: successfully reloaded assembly
- Completed reload, in  1.058 seconds
Platform modules already initialized, skipping
Switching build target platform(5) subTarget(0) extendedPlatform(0) -> platform(13) subTarget(524288) extendedPlatform(0)
Refreshing native plugins compatible for Editor in 0.41 ms, found 0 plugins.
Preloading 0 native plugins for Editor in 0.00 ms.
Unloading 2228 Unused Serialized files (Serialized files now loaded: 0)
System memory in use before: 99.5 MB.
System memory in use after: 99.5 MB.

Unloading 7 unused Assets to reduce memory usage. Loaded Objects now: 2724.
Total: 2.838200 ms (FindLiveObjects: 0.325600 ms CreateObjectMapping: 0.114100 ms MarkObjects: 2.324000 ms  DeleteObjects: 0.072600 ms)

AssetImportParameters requested are different than current active one (requested -> active):
  custom:graphics/normal-map-encoding: 01000000000000000000000000000000 -> 02000000000000000000000000000000
========================================================================
Received Prepare
Refreshing native plugins compatible for Editor in 1.10 ms, found 0 plugins.
Preloading 0 native plugins for Editor in 0.00 ms.
Unloading 4 Unused Serialized files (Serialized files now loaded: 0)
System memory in use before: 55.4 MB.
System memory in use after: 55.5 MB.

Unloading 3 unused Assets to reduce memory usage. Loaded Objects now: 2725.
Total: 3.254000 ms (FindLiveObjects: 0.411000 ms CreateObjectMapping: 0.152800 ms MarkObjects: 2.617400 ms  DeleteObjects: 0.070500 ms)

========================================================================
Received Import Request.
  Time since last request: 342.805217 seconds.
  path: Assets/Prefabs/ARplanePrefab.prefab
  artifactKey: Guid(11f9cc83fb4618948a635ca1df155f31) Importer(815301076,1909f56bfc062723c751e8b465ee728b)
Start importing Assets/Prefabs/ARplanePrefab.prefab using Guid(11f9cc83fb4618948a635ca1df155f31) Importer(815301076,1909f56bfc062723c751e8b465ee728b)  -> (artifact id: '1edff5d7753692b237f0694229135a24') in 1.417511 seconds
  Import took 1.422754 seconds .

========================================================================
Received Import Request.
  Time since last request: 0.000353 seconds.
  path: Assets/Prefabs/Toon Chicken.prefab
  artifactKey: Guid(312b31977ed9b2d48a14849ebb8c7fb3) Importer(815301076,1909f56bfc062723c751e8b465ee728b)
Start importing Assets/Prefabs/Toon Chicken.prefab using Guid(312b31977ed9b2d48a14849ebb8c7fb3) Importer(815301076,1909f56bfc062723c751e8b465ee728b)  -> (artifact id: 'a71c10425fafe49401bd95c3b31e56d5') in 1.071157 seconds
  Import took 1.075664 seconds .

========================================================================
Received Import Request.
  Time since last request: 0.000408 seconds.
  path: Assets/Models/Material/Line02Mat.mat
  artifactKey: Guid(38cfbd2948c377446953ca9fdd5d6cb4) Importer(815301076,1909f56bfc062723c751e8b465ee728b)
Start importing Assets/Models/Material/Line02Mat.mat using Guid(38cfbd2948c377446953ca9fdd5d6cb4) Importer(815301076,1909f56bfc062723c751e8b465ee728b)  -> (artifact id: '66681a1d75284688095a97d4f25f2293') in 0.379580 seconds
  Import took 0.383284 seconds .

========================================================================
Received Import Request.
  Time since last request: 0.000359 seconds.
  path: Assets/Models/Material/Line05Mat.mat
  artifactKey: Guid(472c029110921dd49a6689ba96299cf8) Importer(815301076,1909f56bfc062723c751e8b465ee728b)
Start importing Assets/Models/Material/Line05Mat.mat using Guid(472c029110921dd49a6689ba96299cf8) Importer(815301076,1909f56bfc062723c751e8b465ee728b)  -> (artifact id: '35443d66979078df69f9c0ff8af318c5') in 0.017942 seconds
  Import took 0.021655 seconds .

========================================================================
Received Import Request.
  Time since last request: 0.000478 seconds.
  path: Assets/Models/Material/Line03Mat.mat
  artifactKey: Guid(15ff046994a33bc4388fac2f9afb12d0) Importer(815301076,1909f56bfc062723c751e8b465ee728b)
Start importing Assets/Models/Material/Line03Mat.mat using Guid(15ff046994a33bc4388fac2f9afb12d0) Importer(815301076,1909f56bfc062723c751e8b465ee728b)  -> (artifact id: '5bcffd4f158e0f9f0c9ee89b477c0296') in 0.020151 seconds
  Import took 0.024581 seconds .

========================================================================
Received Import Request.
  Time since last request: 0.000357 seconds.
  path: Assets/Models/Material/Box03Mat.mat
  artifactKey: Guid(22cf8ab002a2c494fbc318191edb4f09) Importer(815301076,1909f56bfc062723c751e8b465ee728b)
Start importing Assets/Models/Material/Box03Mat.mat using Guid(22cf8ab002a2c494fbc318191edb4f09) Importer(815301076,1909f56bfc062723c751e8b465ee728b)  -> (artifact id: '7630cc07ac97e60ba36ab53bb48bd161') in 0.021198 seconds
  Import took 0.025598 seconds .

========================================================================
Received Import Request.
  Time since last request: 0.000389 seconds.
  path: Assets/Models/Material/Plane01Mat.mat
  artifactKey: Guid(f7b1e7bffe10c7048ac11275a24012b6) Importer(815301076,1909f56bfc062723c751e8b465ee728b)
Start importing Assets/Models/Material/Plane01Mat.mat using Guid(f7b1e7bffe10c7048ac11275a24012b6) Importer(815301076,1909f56bfc062723c751e8b465ee728b)  -> (artifact id: '706faf1517c6c59cb09c7bbb33de188f') in 0.020304 seconds
  Import took 0.024178 seconds .

========================================================================
Received Import Request.
  Time since last request: 0.000350 seconds.
  path: Assets/Models/Material/Line01Mat.mat
  artifactKey: Guid(452a4dfb11446c9449b75680901c48ba) Importer(815301076,1909f56bfc062723c751e8b465ee728b)
Start importing Assets/Models/Material/Line01Mat.mat using Guid(452a4dfb11446c9449b75680901c48ba) Importer(815301076,1909f56bfc062723c751e8b465ee728b)  -> (artifact id: 'c8ac5f525f41bea18c2f04aeaa73951e') in 0.023212 seconds
  Import took 0.028810 seconds .

========================================================================
Received Import Request.
  Time since last request: 0.000386 seconds.
  path: Assets/Models/Material/unnamed.mat
  artifactKey: Guid(244807b0c5b71a743928a2544652e8df) Importer(815301076,1909f56bfc062723c751e8b465ee728b)
Start importing Assets/Models/Material/unnamed.mat using Guid(244807b0c5b71a743928a2544652e8df) Importer(815301076,1909f56bfc062723c751e8b465ee728b)  -> (artifact id: '6c9422ee6b965e54b08876192d41b44f') in 0.024278 seconds
  Import took 0.028914 seconds .

========================================================================
Received Import Request.
  Time since last request: 0.000401 seconds.
  path: Assets/Prefabs/Player.prefab
  artifactKey: Guid(156d2752548a7f240b7c05b07a793a59) Importer(815301076,1909f56bfc062723c751e8b465ee728b)
Start importing Assets/Prefabs/Player.prefab using Guid(156d2752548a7f240b7c05b07a793a59) Importer(815301076,1909f56bfc062723c751e8b465ee728b)  -> (artifact id: '7dcca9a9f0d81a36bee4f47ed55f9134') in 0.062625 seconds
  Import took 0.069317 seconds .

========================================================================
Received Import Request.
  Time since last request: 0.000610 seconds.
  path: Assets/Models/Material/Material.mat
  artifactKey: Guid(3dda44208fca25541b8c00bd081a637d) Importer(815301076,1909f56bfc062723c751e8b465ee728b)
Start importing Assets/Models/Material/Material.mat using Guid(3dda44208fca25541b8c00bd081a637d) Importer(815301076,1909f56bfc062723c751e8b465ee728b)  -> (artifact id: '2fca3089c0d3309de83fa34892661666') in 0.042291 seconds
  Import took 0.047454 seconds .

========================================================================
Received Import Request.
  Time since last request: 0.000374 seconds.
  path: Assets/Models/Material/Cylinder01Mat.mat
  artifactKey: Guid(02a1f56b4847d5644aa49a7fd42554fa) Importer(815301076,1909f56bfc062723c751e8b465ee728b)
Start importing Assets/Models/Material/Cylinder01Mat.mat using Guid(02a1f56b4847d5644aa49a7fd42554fa) Importer(815301076,1909f56bfc062723c751e8b465ee728b)  -> (artifact id: 'f751e66e2b9918f0c7d081e5949e56d5') in 0.023376 seconds
  Import took 0.027143 seconds .

========================================================================
Received Import Request.
  Time since last request: 0.000601 seconds.
  path: Assets/Models/Material/Drone_Albedo.mat
  artifactKey: Guid(5fbbe189e9d2e404e9b2d120f06bd5fc) Importer(815301076,1909f56bfc062723c751e8b465ee728b)
Start importing Assets/Models/Material/Drone_Albedo.mat using Guid(5fbbe189e9d2e404e9b2d120f06bd5fc) Importer(815301076,1909f56bfc062723c751e8b465ee728b)  -> (artifact id: 'fba88cb5c511e9516263709b88e74b79') in 0.181636 seconds
  Import took 0.187972 seconds .

========================================================================
Received Import Request.
  Time since last request: 0.000396 seconds.
  path: Assets/Models/Material/Plane02Mat.mat
  artifactKey: Guid(0954d891b3a34ee4193dd5c81d955ab9) Importer(815301076,1909f56bfc062723c751e8b465ee728b)
Start importing Assets/Models/Material/Plane02Mat.mat using Guid(0954d891b3a34ee4193dd5c81d955ab9) Importer(815301076,1909f56bfc062723c751e8b465ee728b)  -> (artifact id: '89f28facdefdc0fb63f82d37590c3363') in 0.020609 seconds
  Import took 0.024956 seconds .

========================================================================
Received Import Request.
  Time since last request: 0.000357 seconds.
  path: Assets/Models/Material/GeoSphere01Mat.mat
  artifactKey: Guid(458f308489c39cd4d852b8248383235f) Importer(815301076,1909f56bfc062723c751e8b465ee728b)
Start importing Assets/Models/Material/GeoSphere01Mat.mat using Guid(458f308489c39cd4d852b8248383235f) Importer(815301076,1909f56bfc062723c751e8b465ee728b)  -> (artifact id: '6151bbf80e8d5b530f0cea790ac50347') in 0.023509 seconds
  Import took 0.028661 seconds .

========================================================================
Received Import Request.
  Time since last request: 0.000457 seconds.
  path: Assets/Models/Material/Line04Mat.mat
  artifactKey: Guid(e18283c4177c5454199a99dcff368f67) Importer(815301076,1909f56bfc062723c751e8b465ee728b)
Start importing Assets/Models/Material/Line04Mat.mat using Guid(e18283c4177c5454199a99dcff368f67) Importer(815301076,1909f56bfc062723c751e8b465ee728b)  -> (artifact id: '441ec9ff5f59e47ea9fcf46de7efc4c8') in 0.024246 seconds
  Import took 0.030543 seconds .

========================================================================
Received Import Request.
  Time since last request: 0.000392 seconds.
  path: Assets/Models/Material/Box02Mat.mat
  artifactKey: Guid(1ba7de31facd7de47838a2ba32849f35) Importer(815301076,1909f56bfc062723c751e8b465ee728b)
Start importing Assets/Models/Material/Box02Mat.mat using Guid(1ba7de31facd7de47838a2ba32849f35) Importer(815301076,1909f56bfc062723c751e8b465ee728b)  -> (artifact id: 'd6bf1be65b0443138595827877fb9151') in 0.021927 seconds
  Import took 0.028839 seconds .

========================================================================
Received Import Request.
  Time since last request: 0.000337 seconds.
  path: Assets/Prefabs/SceneChanger.prefab
  artifactKey: Guid(1b8f63f63909465489b4201db96d2ab3) Importer(815301076,1909f56bfc062723c751e8b465ee728b)
Start importing Assets/Prefabs/SceneChanger.prefab using Guid(1b8f63f63909465489b4201db96d2ab3) Importer(815301076,1909f56bfc062723c751e8b465ee728b)  -> (artifact id: 'fd66a313985d1f682c088ec004c9a0a2') in 0.016960 seconds
  Import took 0.021231 seconds .

========================================================================
Received Import Request.
  Time since last request: 0.000339 seconds.
  path: Assets/Models/Material/ChamferBox01Mat.mat
  artifactKey: Guid(c799b6fbdcf9f59469ca317f04a2d41a) Importer(815301076,1909f56bfc062723c751e8b465ee728b)
Start importing Assets/Models/Material/ChamferBox01Mat.mat using Guid(c799b6fbdcf9f59469ca317f04a2d41a) Importer(815301076,1909f56bfc062723c751e8b465ee728b)  -> (artifact id: 'c779821ef3d7c7367d22c8709ac7037e') in 0.024224 seconds
  Import took 0.028953 seconds .

========================================================================
Received Import Request.
  Time since last request: 0.000395 seconds.
  path: Assets/Prefabs/Boundary.prefab
  artifactKey: Guid(d1354836f98677d4582f858ed6267d74) Importer(815301076,1909f56bfc062723c751e8b465ee728b)
Start importing Assets/Prefabs/Boundary.prefab using Guid(d1354836f98677d4582f858ed6267d74) Importer(815301076,1909f56bfc062723c751e8b465ee728b)  -> (artifact id: 'd6f01313722df94930104b71916c401e') in 0.057437 seconds
  Import took 0.062243 seconds .

========================================================================
Received Import Request.
  Time since last request: 0.000424 seconds.
  path: Assets/Models/Material/Cylinder02Mat.mat
  artifactKey: Guid(d5618fe3857ca8c41a87a8a56b1fc278) Importer(815301076,1909f56bfc062723c751e8b465ee728b)
Start importing Assets/Models/Material/Cylinder02Mat.mat using Guid(d5618fe3857ca8c41a87a8a56b1fc278) Importer(815301076,1909f56bfc062723c751e8b465ee728b)  -> (artifact id: 'de6dcedcaf9e4015b366b9ae2d56107b') in 0.023144 seconds
  Import took 0.028427 seconds .

========================================================================
Received Import Request.
  Time since last request: 0.000416 seconds.
  path: Assets/Models/Material/Box01Mat.mat
  artifactKey: Guid(b8c688290c808c043b26fad646e2dd56) Importer(815301076,1909f56bfc062723c751e8b465ee728b)
Start importing Assets/Models/Material/Box01Mat.mat using Guid(b8c688290c808c043b26fad646e2dd56) Importer(815301076,1909f56bfc062723c751e8b465ee728b)  -> (artifact id: '3a95b35daa83e3a4ca54e64f139c0198') in 0.021342 seconds
  Import took 0.025538 seconds .

========================================================================
Received Import Request.
  Time since last request: 6.938731 seconds.
  path: Assets/Scences/Gun
  artifactKey: Guid(12c64ab856c7262448e96e97ac4e2ada) Importer(815301076,1909f56bfc062723c751e8b465ee728b)
Start importing Assets/Scences/Gun using Guid(12c64ab856c7262448e96e97ac4e2ada) Importer(815301076,1909f56bfc062723c751e8b465ee728b)  -> (artifact id: '8105bbfff78399d1f197a6e8f7e912ef') in 0.012247 seconds
  Import took 0.018041 seconds .

AssetImportWorkerClient::OnTransportError - code=2 error=End of file
